<?xml version="1.0" encoding="UTF-8"?>
<!-- Generated by org.testng.reporters.JUnitXMLReporter -->
<testsuite ignored="15" hostname="ndi-lap-845" failures="5" tests="6" name="Test" time="34.129" errors="0" timestamp="2020-04-25T10:52:09 IST">
  <testcase classname="automation.workday.workday.testBase.TestBase" name="@AfterMethod afterMethod" time="0.004">
    <failure type="java.lang.IllegalArgumentException" message="imagePath cannot be null or empty">
      <![CDATA[java.lang.IllegalArgumentException: imagePath cannot be null or empty
at com.aventstack.extentreports.ExtentTest.addScreenCaptureFromPath(ExtentTest.java:1137)
at com.aventstack.extentreports.ExtentTest.addScreenCaptureFromPath(ExtentTest.java:1165)
at automation.workday.workday.testBase.TestBase.afterMethod(TestBase.java:68)
at java.base/java.util.ArrayList.forEach(ArrayList.java:1540)
... Removed 32 stack frames]]>
    </failure>
  </testcase> <!-- @AfterMethod afterMethod -->
  <testcase classname="automation.workday.workday.testBase.TestBase" name="@AfterMethod afterMethod" time="0.002">
    <failure type="java.lang.IllegalArgumentException" message="imagePath cannot be null or empty">
      <![CDATA[java.lang.IllegalArgumentException: imagePath cannot be null or empty
at com.aventstack.extentreports.ExtentTest.addScreenCaptureFromPath(ExtentTest.java:1137)
at com.aventstack.extentreports.ExtentTest.addScreenCaptureFromPath(ExtentTest.java:1165)
at automation.workday.workday.testBase.TestBase.afterMethod(TestBase.java:68)
at java.base/java.util.ArrayList.forEach(ArrayList.java:1540)
... Removed 32 stack frames]]>
    </failure>
  </testcase> <!-- @AfterMethod afterMethod -->
  <testcase classname="automation.workday.workday.testBase.TestBase" name="@AfterMethod afterMethod" time="0.003">
    <failure type="java.lang.IllegalArgumentException" message="imagePath cannot be null or empty">
      <![CDATA[java.lang.IllegalArgumentException: imagePath cannot be null or empty
at com.aventstack.extentreports.ExtentTest.addScreenCaptureFromPath(ExtentTest.java:1137)
at com.aventstack.extentreports.ExtentTest.addScreenCaptureFromPath(ExtentTest.java:1165)
at automation.workday.workday.testBase.TestBase.afterMethod(TestBase.java:68)
at java.base/java.util.ArrayList.forEach(ArrayList.java:1540)
... Removed 32 stack frames]]>
    </failure>
  </testcase> <!-- @AfterMethod afterMethod -->
  <testcase classname="automation.workday.workday.testBase.TestBase" name="@AfterMethod afterMethod" time="0.001">
    <failure type="java.lang.IllegalArgumentException" message="imagePath cannot be null or empty">
      <![CDATA[java.lang.IllegalArgumentException: imagePath cannot be null or empty
at com.aventstack.extentreports.ExtentTest.addScreenCaptureFromPath(ExtentTest.java:1137)
at com.aventstack.extentreports.ExtentTest.addScreenCaptureFromPath(ExtentTest.java:1165)
at automation.workday.workday.testBase.TestBase.afterMethod(TestBase.java:68)
at java.base/java.util.ArrayList.forEach(ArrayList.java:1540)
... Removed 32 stack frames]]>
    </failure>
  </testcase> <!-- @AfterMethod afterMethod -->
  <testcase classname="automation.workday.workday.testBase.TestBase" name="@AfterMethod afterMethod" time="0.002">
    <failure type="java.lang.IllegalArgumentException" message="imagePath cannot be null or empty">
      <![CDATA[java.lang.IllegalArgumentException: imagePath cannot be null or empty
at com.aventstack.extentreports.ExtentTest.addScreenCaptureFromPath(ExtentTest.java:1137)
at com.aventstack.extentreports.ExtentTest.addScreenCaptureFromPath(ExtentTest.java:1165)
at automation.workday.workday.testBase.TestBase.afterMethod(TestBase.java:68)
at java.base/java.util.ArrayList.forEach(ArrayList.java:1540)
... Removed 32 stack frames]]>
    </failure>
  </testcase> <!-- @AfterMethod afterMethod -->
  <testcase classname="automation.workday.workday.testScripts.LoginTest" name="testLoginPage" time="25.513"/>
  <testcase classname="automation.workday.workday.testScripts.RememberDeviceTest" name="testRememberDevice" time="0.002">
    <failure type="java.lang.NullPointerException">
      <![CDATA[java.lang.NullPointerException
at automation.workday.workday.testBase.TestBase.getApplicationUrl(TestBase.java:169)
at automation.workday.workday.testScripts.RememberDeviceTest.testRememberDevice(RememberDeviceTest.java:20)
at java.base/java.util.ArrayList.forEach(ArrayList.java:1540)
... Removed 27 stack frames]]>
    </failure>
  </testcase> <!-- testRememberDevice -->
  <testcase classname="automation.workday.workday.testScripts.HomeTest" name="testHomePage" time="0.002">
    <failure type="java.lang.NullPointerException">
      <![CDATA[java.lang.NullPointerException
at automation.workday.workday.testBase.TestBase.getApplicationUrl(TestBase.java:169)
at automation.workday.workday.testScripts.HomeTest.testHomePage(HomeTest.java:22)
at java.base/java.util.ArrayList.forEach(ArrayList.java:1540)
... Removed 27 stack frames]]>
    </failure>
  </testcase> <!-- testHomePage -->
  <testcase classname="automation.workday.workday.testScripts.PersoalInfoTest" name="testPersonalInfoPage" time="0.002">
    <failure type="java.lang.NullPointerException">
      <![CDATA[java.lang.NullPointerException
at automation.workday.workday.testBase.TestBase.getApplicationUrl(TestBase.java:169)
at automation.workday.workday.testScripts.PersoalInfoTest.testPersonalInfoPage(PersoalInfoTest.java:24)
at java.base/java.util.ArrayList.forEach(ArrayList.java:1540)
... Removed 27 stack frames]]>
    </failure>
  </testcase> <!-- testPersonalInfoPage -->
  <testcase classname="automation.workday.workday.testScripts.ChangeMyPersonalInfoTest" name="testPersonalInfoPage" time="0.002">
    <failure type="java.lang.NullPointerException">
      <![CDATA[java.lang.NullPointerException
at automation.workday.workday.testBase.TestBase.getApplicationUrl(TestBase.java:169)
at automation.workday.workday.testScripts.ChangeMyPersonalInfoTest.testPersonalInfoPage(ChangeMyPersonalInfoTest.java:27)
at java.base/java.util.ArrayList.forEach(ArrayList.java:1540)
... Removed 27 stack frames]]>
    </failure>
  </testcase> <!-- testPersonalInfoPage -->
  <testcase classname="automation.workday.workday.testScripts.SubmissionTest" name="testPersonalInfoPage" time="0.002">
    <failure type="java.lang.NullPointerException">
      <![CDATA[java.lang.NullPointerException
at automation.workday.workday.testBase.TestBase.getApplicationUrl(TestBase.java:169)
at automation.workday.workday.testScripts.SubmissionTest.testPersonalInfoPage(SubmissionTest.java:27)
at java.base/java.util.ArrayList.forEach(ArrayList.java:1540)
... Removed 27 stack frames]]>
    </failure>
  </testcase> <!-- testPersonalInfoPage -->
  <testcase classname="automation.workday.workday.testBase.TestBase" name="@BeforeSuite beforeSuite" time="0.0">
    <ignored/>
  </testcase> <!-- @BeforeSuite beforeSuite -->
  <testcase classname="automation.workday.workday.testBase.TestBase" name="@BeforeSuite beforeSuite" time="0.0">
    <ignored/>
  </testcase> <!-- @BeforeSuite beforeSuite -->
  <testcase classname="automation.workday.workday.testBase.TestBase" name="@BeforeSuite beforeSuite" time="0.0">
    <ignored/>
  </testcase> <!-- @BeforeSuite beforeSuite -->
  <testcase classname="automation.workday.workday.testBase.TestBase" name="@BeforeSuite beforeSuite" time="0.0">
    <ignored/>
  </testcase> <!-- @BeforeSuite beforeSuite -->
  <testcase classname="automation.workday.workday.testBase.TestBase" name="@BeforeSuite beforeSuite" time="0.0">
    <ignored/>
  </testcase> <!-- @BeforeSuite beforeSuite -->
  <testcase classname="automation.workday.workday.testBase.TestBase" name="@AfterTest afterTest" time="0.0">
    <ignored/>
  </testcase> <!-- @AfterTest afterTest -->
  <testcase classname="automation.workday.workday.testBase.TestBase" name="@AfterTest afterTest" time="0.0">
    <ignored/>
  </testcase> <!-- @AfterTest afterTest -->
  <testcase classname="automation.workday.workday.testBase.TestBase" name="@AfterTest afterTest" time="0.0">
    <ignored/>
  </testcase> <!-- @AfterTest afterTest -->
  <testcase classname="automation.workday.workday.testBase.TestBase" name="@AfterTest afterTest" time="0.0">
    <ignored/>
  </testcase> <!-- @AfterTest afterTest -->
  <testcase classname="automation.workday.workday.testBase.TestBase" name="@AfterTest afterTest" time="0.0">
    <ignored/>
  </testcase> <!-- @AfterTest afterTest -->
  <testcase classname="automation.workday.workday.testBase.TestBase" name="@BeforeTest beforeTest" time="0.0">
    <ignored/>
  </testcase> <!-- @BeforeTest beforeTest -->
  <testcase classname="automation.workday.workday.testBase.TestBase" name="@BeforeTest beforeTest" time="0.0">
    <ignored/>
  </testcase> <!-- @BeforeTest beforeTest -->
  <testcase classname="automation.workday.workday.testBase.TestBase" name="@BeforeTest beforeTest" time="0.0">
    <ignored/>
  </testcase> <!-- @BeforeTest beforeTest -->
  <testcase classname="automation.workday.workday.testBase.TestBase" name="@BeforeTest beforeTest" time="0.0">
    <ignored/>
  </testcase> <!-- @BeforeTest beforeTest -->
  <testcase classname="automation.workday.workday.testBase.TestBase" name="@BeforeTest beforeTest" time="0.0">
    <ignored/>
  </testcase> <!-- @BeforeTest beforeTest -->
</testsuite> <!-- Test -->
